该模组的作者选择不包含模组源代码.
文件:
FargosSoulsModDLCRecreated.dll
You can find this mod's .dll files under C:\Users\董煦辰\Documents\My Games\Terraria\tModLoader\ModSources\ModAssemblies for easy mod collaboration!
FargosSoulsModDLCRecreated.pdb
build.txt
icon.png
Items/Thorium/Miscellaneous/BerserkerGreaves.png
description.txt
Items/Thorium/Enchantments/DepthDiverEnchantment.png
Items/Spirit/Enchantments/BismiteEnchant.png
Items/Thorium/Enchantments/ThoriumEnchantment.png
Items/Thorium/Enchantments/NoviceClericEnchantment.png
Items/Spirit/Enchantments/RunicEnchant.png
Items/Calamity/Enchantments/ReaverEnchantment.png
Items/SOA/Enchantments/EerieEnchantment.png
Items/Thorium/Enchantments/TideTurnerEnchantment.png
Items/Thorium/Miscellaneous/DangerMail.png
Items/Spirit/Enchantments/PainMongerEnchant.png
Items/Thorium/Enchantments/IcyEnchantment.png
Items/Calamity/Souls/RogueSoul.png
Items/Thorium/Enchantments/IllumiteEnchantment.png
Items/Thorium/Enchantments/WarlockEnchantment.png
Items/SOA/Enchantments/DreadfireEnchantment.png
Items/Thorium/Enchantments/OrnateEnchantment.png
Items/Thorium/Miscellaneous/DangerHelmet.png
Properties/launchSettings.json
Items/Calamity/Enchantments/SilvaEnchantment.png
Items/Spirit/Enchantments/CascadeEnchant.png
Items/Spirit/Enchantments/WayfarersEnchant.png
Items/Thorium/Enchantments/LichEnchantment.png
Items/Thorium/Enchantments/WhiteKnightEnchantment.png
Items/Thorium/Enchantments/DurasteelEnchantment.png
Items/Thorium/Miscellaneous/MagmaHelmet.png
Items/Calamity/Enchantments/WulfrumEnchantment.png
Items/Spirit/Enchantments/MarksmanEnchant.png
Items/Spirit/Enchantments/SlagTyrantEnchant.png
Items/Thorium/Enchantments/MagmaEnchantment.png
Buffs/Magma.png
Items/Thorium/Enchantments/ConduitEnchantment.png
Items/Thorium/Enchantments/ShootingStarEnchantment.png
SOA/.DS_Store
Items/Thorium/Enchantments/JesterEnchantment.png
Items/Calamity/Souls/CalamitySoul.png
Items/Thorium/Miscellaneous/BerserkerBreastplate.png
Items/Calamity/Enchantments/FathomSwarmerEnchantment.png
Items/Thorium/Enchantments/BiotechEnchantment.png
Items/Thorium/Enchantments/TerrariumEnchantment.png
Items/Spirit/Enchantments/MarbleChunkEnchant.png
Items/Thorium/Enchantments/SandstoneEnchantment.png
Items/Thorium/Enchantments/BulbEnchantment.png
Items/Spirit/Enchantments/SeraphEnchant.png
Items/BerserkerMask_Texture.png
Items/Calamity/Forces/ExaltationForce.png
Items/Calamity/Enchantments/MolluskEnchantment.png
Items/Spirit/Enchantments/DriftwoodEnchant.png
Items/Thorium/Miscellaneous/MagmaGreaves.png
Items/Thorium/Enchantments/CryomancerEnchantment.png
Items/Spirit/Enchantments/SunflowerEnchant.png
Items/Thorium/Enchantments/LifeBinderEnchantment.png
Items/.DS_Store
Items/Calamity/Enchantments/SulphurousEnchantment.png
Items/Calamity/Forces/DevastationForce.png
Items/Spirit/Enchantments/FrigidEnchant.png
Items/Thorium/Enchantments/FlightEnchantment.png
Items/Thorium/Enchantments/DemonBloodEnchantment.png
Items/Thorium/Enchantments/DreadEnchantment.png
Items/Spirit/Enchantments/ChitinEnchant.png
Items/Thorium/Miscellaneous/HarbingerHelmet.png
Items/Calamity/.DS_Store
Items/Thorium/Enchantments/FungusEnchantment.png
Items/Thorium/Enchantments/LifeBloomEnchantment.png
Items/Calamity/Enchantments/DaedalusEnchantment.png
Items/Calamity/RogueEssence.png
Items/Thorium/Miscellaneous/DangerShard.png
Items/Thorium/Enchantments/YewWoodEnchantment.png
Items/Thorium/Enchantments/ShadeMasterEnchantment.png
Items/Calamity/Enchantments/BloodflareEnchantment.png
Items/Spirit/Enchantments/AstraliteEnchant.png
Items/Thorium/Enchantments/CryoMagusEnchantment.png
Items/Spirit/Enchantments/RogueEnchant.png
Items/Thorium/Enchantments/CrierEnchantment.png
Items/Calamity/Forces/AnnihilationForce.png
Items/Thorium/Souls/.DS_Store
Localization/en-US_Mods.FargosSoulsModDLCRecreated.hjson
Items/Spirit/Enchantments/BotanistEnchant.png
Items/Calamity/Enchantments/AtaxiaEnchantment.png
Items/Thorium/Enchantments/GraniteEnchantment.png
Items/Thorium/Enchantments/BronzeEnchantment.png
Items/Thorium/Enchantments/IridescentEnchantment.png
Items/Thorium/Enchantments/WhiteDwarfEnchantment.png
Items/Calamity/Forces/DesolationForce.png
Items/Spirit/.DS_Store
Items/Calamity/Enchantments/EmpyreanEnchantment.png
Items/Spirit/Souls/SpiritSoul.png
Items/Thorium/Souls/ThoriumSoul.png
Items/Spirit/Enchantments/PrimalstoneEnchant.png
Items/Thorium/Enchantments/FallenPaladinEnchantment.png
Items/Thorium/Enchantments/FolvEnchantment.png
Items/Thorium/.DS_Store
Items/Thorium/Enchantments/ValadiumEnchantment.png
Items/Thorium/Enchantments/WhisperingEnchantment.png
Items/SOA/Enchantments/BismuthEnchantment.png
Items/Calamity/Enchantments/BrimflameEnchantment.png
Items/Thorium/Enchantments/AstroEnchant.png
Items/Thorium/Enchantments/GeodeEnchantment.png
Items/Thorium/Enchantments/SteelEnchantment.png
Items/Spirit/Enchantments/ElderbarkEnchant.png
Items/Thorium/Souls/BardSoul.png
Items/Thorium/Enchantments/TemplarEnchantment.png
Items/Spirit/Forces/FrostburnForce.png
Items/Thorium/Enchantments/SpiritTrapperEnchantment.png
Items/Spirit/Enchantments/CryoliteEnchant.png
Items/Thorium/Enchantments/LodestoneEnchantment.png
Items/Spirit/Forces/.DS_Store
Items/Thorium/Enchantments/PyromancerEnchantment.png
Items/Thorium/Enchantments/SacredEnchantment.png
Items/Thorium/Enchantments/EbonEnchantment.png
Items/Spirit/Enchantments/StreamSurferEnchant.png
Items/Thorium/Souls/GuardianAngelsSoul.png
Items/DBZ/KiSoul.png
Items/Thorium/Enchantments/DangerEnchantment.png
Items/SOA/Enchantments/BlightboneEnchantment.png
Items/Thorium/Enchantments/TideHunterEnchantment.png
Items/Spirit/Enchantments/FloranEnchant.png
Items/Thorium/Enchantments/FleshEnchantment.png
Items/Thorium/Enchantments/MalignantEnchantment.png
Items/Spirit/Enchantments/DuskEnchant.png
Items/Thorium/Essences/BardEssence.png
Items/Spirit/Forces/AtlantisForce.png
Items/Calamity/Enchantments/AstralEnchantment.png
Items/Thorium/Enchantments/CelestialEnchantment.png
Items/Thorium/Enchantments/DragonEnchantment.png
Items/Thorium/Enchantments/FeralFurEnchantment.png
Items/Thorium/Forces/.DS_Store
Items/Thorium/Essences/.DS_Store
Items/SOA/Enchantments/NebulousApprenticeEnchantment.png
Items/Thorium/Enchantments/LivingWoodEnchantment.png
Items/Calamity/Enchantments/StatigelEnchantment.png
Items/Spirit/Enchantments/SpiritEnchant.png
Items/Thorium/Enchantments/NagaSkinEnchantment.png
Items/Thorium/Enchantments/MarchingBandEnchantment.png
Items/Spirit/Forces/HurricaneForce.png
Items/Thorium/Essences/HealerEssence.png
Items/SOA/Enchantments/ExitumLuxEnchantment.png
Items/Thorium/Miscellaneous/HarbingerGreaves.png
Items/Thorium/Enchantments/PlagueDoctorEnchantment.png
Items/Thorium/Forces/MidgardForce.png
Items/Calamity/Enchantments/SnowRuffianEnchantment.png
Items/Thorium/Enchantments/CyberPunkEnchantment.png
Items/SOA/Enchantments/AsthraltiteEnchantment.png
Items/Thorium/Miscellaneous/.DS_Store
Items/Calamity/Enchantments/FearmongerEnchantment.png
Items/Spirit/Enchantments/BloodcourtEnchant.png
Items/SOA/Enchantments/PrairieEnchantment.png
Items/Spirit/Forces/AdventurerForce.png
Items/Thorium/Enchantments/RhapsodistEnchantment.png
Items/Thorium/Enchantments/DarksteelEnchantment.png
Items/Thorium/Miscellaneous/DangerGreaves.png
Items/SOA/Enchantments/StellarPriestEnchantment.png
Items/Thorium/Enchantments/AssassinEnchantment.png
Items/Thorium/Forces/AsgardForce.png
Items/SOA/Enchantments/VulcanReaperEnchantment.png
Items/Calamity/Enchantments/UmbraphileEnchantment.png
Items/Calamity/Enchantments/GodSlayerEnchantment.png
Items/Spirit/Enchantments/ApostleEnchant.png
Items/Thorium/Enchantments/SilkEnchantment.png
Items/Thorium/Enchantments/OceanEnchantment.png
Items/Thorium/Miscellaneous/HarbingerChestguard.png
Items/SOA/Enchantments/MarstechEnchantment.png
Items/SOA/Enchantments/QuasarEnchantment.png
Items/Spirit/Enchantments/GraniteChunkEnchant.png
Items/Thorium/Forces/HelheimForce.png
Items/Calamity/Enchantments/PlagueReaperEnchantment.png
Items/Thorium/Enchantments/DreamWeaverEnchantment.png
Items/Thorium/Miscellaneous/HarbingerCatalyst.png
Items/SOA/Enchantments/LapisEnchantment.png
Items/SOA/Enchantments/LihzahrdEnchantment.png
Items/Calamity/Enchantments/VictideEnchantment.png
Items/Thorium/Enchantments/BerserkerEnchantment.png
Items/Thorium/Miscellaneous/ArcaneDust.png
Items/Thorium/Forces/AlfheimForce.png
Items/Calamity/Enchantments/DemonShadeEnchantment.png
Items/SOA/Enchantments/FrosthunterEnchantment.png
Items/Thorium/Miscellaneous/BerserkerShard.png
Items/Thorium/Enchantments/TitanEnchantment.png
Items/SOA/Enchantments/BlazingBruteEnchantment.png
Items/Thorium/Forces/NiflheimForce.png
Items/Thorium/Miscellaneous/MagmaChestguard.png
Items/Calamity/Enchantments/TarragonEnchantment.png
Items/SOA/Enchantments/VoidWardenEnchantment.png
Items/Thorium/Enchantments/MaestroEnchantment.png
Items/Thorium/Miscellaneous/BerserkerMask.png
Items/Thorium/Forces/VanaheimForce.png
Items/SOA/Enchantments/FallenPrinceEnchantment.png
Items/Thorium/Enchantments/HarbingerEnchantment.png
Items/Calamity/Enchantments/AuricEnchantment.png
Items/Calamity/Enchantments/OmegaBlueEnchantment.png
Items/SOA/Enchantments/CosmicCommanderEnchantment.png
Items/Thorium/Enchantments/NobleEnchantment.png
Items/Thorium/Forces/SvartalfheimForce.png
Items/Calamity/Enchantments/AerospecEnchantment.png
Items/SOA/Enchantments/SpaceJunkEnchantment.png
Items/Thorium/Forces/JotunheimForce.png
Items/Calamity/Souls/.DS_Store
Items/SOA/Enchantments/FlariumEnchantment.png
Items/Thorium/Forces/MuspelheimForce.png
CalamityMod.dll
